Assembler report for XTEASistem-32Bit
<<<<<<< HEAD
<<<<<<< HEAD
Tue Dec  5 16:40:31 2023
=======
Tue Dec  5 17:40:39 2023
>>>>>>> f5a5637726a268f104b471a3810454f63f64fd78
=======
Tue Dec  5 17:17:49 2023
>>>>>>> 2a5674e8479693f4062ea9a5ab90e91a80d0f9c8
Quartus Prime Version 22.1std.2 Build 922 07/20/2023 SC Lite Edition


---------------------
; Table of Contents ;
---------------------
  1. Legal Notice
  2. Assembler Summary
  3. Assembler Settings
  4. Assembler Generated Files
<<<<<<< HEAD
  5. Assembler Device Options: C:/Users/johnr/Desktop/XTEA/XTEA/Punya-eprond/XTEASistem-32Bit/output_files/XTEASistem-32Bit.sof
=======
  5. Assembler Device Options: C:/Users/crane/OneDrive - Institut Teknologi Bandung/XTEA/XTEA/Punya-eprond/XTEASistem-32Bit/output_files/XTEASistem-32Bit.sof
>>>>>>> 2a5674e8479693f4062ea9a5ab90e91a80d0f9c8
  6. Assembler Messages



----------------
; Legal Notice ;
----------------
Copyright (C) 2023  Intel Corporation. All rights reserved.
Your use of Intel Corporation's design tools, logic functions 
and other software and tools, and any partner logic 
functions, and any output files from any of the foregoing 
(including device programming or simulation files), and any 
associated documentation or information are expressly subject 
to the terms and conditions of the Intel Program License 
Subscription Agreement, the Intel Quartus Prime License Agreement,
the Intel FPGA IP License Agreement, or other applicable license
agreement, including, without limitation, that your use is for
the sole purpose of programming logic devices manufactured by
Intel and sold by Intel or its authorized distributors.  Please
refer to the applicable agreement for further details, at
https://fpgasoftware.intel.com/eula.



+---------------------------------------------------------------+
; Assembler Summary                                             ;
+-----------------------+---------------------------------------+
<<<<<<< HEAD
<<<<<<< HEAD
; Assembler Status      ; Successful - Tue Dec  5 16:40:31 2023 ;
=======
; Assembler Status      ; Successful - Tue Dec  5 17:40:39 2023 ;
>>>>>>> f5a5637726a268f104b471a3810454f63f64fd78
=======
; Assembler Status      ; Successful - Tue Dec  5 17:17:49 2023 ;
>>>>>>> 2a5674e8479693f4062ea9a5ab90e91a80d0f9c8
; Revision Name         ; XTEASistem-32Bit                      ;
; Top-level Entity Name ; DummyTopLevel                         ;
; Family                ; Cyclone IV E                          ;
; Device                ; EP4CE6E22C8                           ;
+-----------------------+---------------------------------------+


+----------------------------------+
; Assembler Settings               ;
+--------+---------+---------------+
; Option ; Setting ; Default Value ;
+--------+---------+---------------+


<<<<<<< HEAD
+--------------------------------------------------------------------------------------------------+
; Assembler Generated Files                                                                        ;
+--------------------------------------------------------------------------------------------------+
; File Name                                                                                        ;
+--------------------------------------------------------------------------------------------------+
; C:/Users/johnr/Desktop/XTEA/XTEA/Punya-eprond/XTEASistem-32Bit/output_files/XTEASistem-32Bit.sof ;
+--------------------------------------------------------------------------------------------------+


+----------------------------------------------------------------------------------------------------------------------------+
; Assembler Device Options: C:/Users/johnr/Desktop/XTEA/XTEA/Punya-eprond/XTEASistem-32Bit/output_files/XTEASistem-32Bit.sof ;
+----------------+-----------------------------------------------------------------------------------------------------------+
; Option         ; Setting                                                                                                   ;
+----------------+-----------------------------------------------------------------------------------------------------------+
; JTAG usercode  ; 0x00194618                                                                                                ;
; Checksum       ; 0x00194618                                                                                                ;
+----------------+-----------------------------------------------------------------------------------------------------------+
=======
+--------------------------------------------------------------------------------------------------------------------------------+
; Assembler Generated Files                                                                                                      ;
+--------------------------------------------------------------------------------------------------------------------------------+
; File Name                                                                                                                      ;
+--------------------------------------------------------------------------------------------------------------------------------+
; C:/Users/crane/OneDrive - Institut Teknologi Bandung/XTEA/XTEA/Punya-eprond/XTEASistem-32Bit/output_files/XTEASistem-32Bit.sof ;
+--------------------------------------------------------------------------------------------------------------------------------+


<<<<<<< HEAD
+------------------------------------------------------------------------------------------------------------------------------------------------------------------------------------------+
; Assembler Device Options: C:/Users/irfan/Documents/ITB/Kuliah/Semester3/Sistem-Digital/Tugas-Kelompok/Tugas-2/Codes/XTEA/Punya-eprond/XTEASistem-32Bit/output_files/XTEASistem-32Bit.sof ;
+----------------+-------------------------------------------------------------------------------------------------------------------------------------------------------------------------+
; Option         ; Setting                                                                                                                                                                 ;
+----------------+-------------------------------------------------------------------------------------------------------------------------------------------------------------------------+
; JTAG usercode  ; 0x00208E59                                                                                                                                                              ;
; Checksum       ; 0x00208E59                                                                                                                                                              ;
+----------------+-------------------------------------------------------------------------------------------------------------------------------------------------------------------------+
=======
+----------------------------------------------------------------------------------------------------------------------------------------------------------+
; Assembler Device Options: C:/Users/crane/OneDrive - Institut Teknologi Bandung/XTEA/XTEA/Punya-eprond/XTEASistem-32Bit/output_files/XTEASistem-32Bit.sof ;
+----------------+-----------------------------------------------------------------------------------------------------------------------------------------+
; Option         ; Setting                                                                                                                                 ;
+----------------+-----------------------------------------------------------------------------------------------------------------------------------------+
; JTAG usercode  ; 0x00194618                                                                                                                              ;
; Checksum       ; 0x00194618                                                                                                                              ;
+----------------+-----------------------------------------------------------------------------------------------------------------------------------------+
>>>>>>> 2a5674e8479693f4062ea9a5ab90e91a80d0f9c8


+--------------------+
; Assembler Messages ;
+--------------------+
Info: *******************************************************************
Info: Running Quartus Prime Assembler
    Info: Version 22.1std.2 Build 922 07/20/2023 SC Lite Edition
<<<<<<< HEAD
<<<<<<< HEAD
    Info: Processing started: Tue Dec  5 16:40:30 2023
=======
    Info: Processing started: Tue Dec  5 17:40:37 2023
>>>>>>> f5a5637726a268f104b471a3810454f63f64fd78
=======
    Info: Processing started: Tue Dec  5 17:17:48 2023
>>>>>>> 2a5674e8479693f4062ea9a5ab90e91a80d0f9c8
Info: Command: quartus_asm --read_settings_files=off --write_settings_files=off XTEASistem-32Bit -c XTEASistem-32Bit
Warning (18236): Number of processors has not been specified which may cause overloading on shared machines.  Set the global assignment NUM_PARALLEL_PROCESSORS in your QSF to an appropriate value for best performance.
Info (115031): Writing out detailed assembly data for power analysis
Info (115030): Assembler is generating device programming files
Info: Quartus Prime Assembler was successful. 0 errors, 1 warning
<<<<<<< HEAD
<<<<<<< HEAD
    Info: Peak virtual memory: 4706 megabytes
    Info: Processing ended: Tue Dec  5 16:40:31 2023
    Info: Elapsed time: 00:00:01
=======
    Info: Peak virtual memory: 4705 megabytes
    Info: Processing ended: Tue Dec  5 17:40:39 2023
    Info: Elapsed time: 00:00:02
>>>>>>> f5a5637726a268f104b471a3810454f63f64fd78
    Info: Total CPU time (on all processors): 00:00:01
=======
    Info: Peak virtual memory: 4704 megabytes
    Info: Processing ended: Tue Dec  5 17:17:49 2023
    Info: Elapsed time: 00:00:01
    Info: Total CPU time (on all processors): 00:00:00
>>>>>>> 2a5674e8479693f4062ea9a5ab90e91a80d0f9c8


