Flow report for SerialBlock
Mon Nov 20 22:56:42 2023
Quartus II 64-Bit Version 13.0.1 Build 232 06/12/2013 Service Pack 1 SJ Web Edition


---------------------
; Table of Contents ;
---------------------
  1. Legal Notice
  2. Flow Summary
  3. Flow Settings
  4. Flow Non-Default Global Settings
  5. Flow Elapsed Time
  6. Flow OS Summary
  7. Flow Log
  8. Flow Messages
  9. Flow Suppressed Messages



----------------
; Legal Notice ;
----------------
Copyright (C) 1991-2013 Altera Corporation
Your use of Altera Corporation's design tools, logic functions 
and other software and tools, and its AMPP partner logic 
functions, and any output files from any of the foregoing 
(including device programming or simulation files), and any 
associated documentation or information are expressly subject 
to the terms and conditions of the Altera Program License 
Subscription Agreement, Altera MegaCore Function License 
Agreement, or other applicable license agreement, including, 
without limitation, that your use is for the sole purpose of 
programming logic devices manufactured by Altera and sold by 
Altera or its authorized distributors.  Please refer to the 
applicable agreement for further details.



+--------------------------------------------------------------------------------------+
; Flow Summary                                                                         ;
+------------------------------------+-------------------------------------------------+
; Flow Status                        ; Successful - Mon Nov 20 22:56:42 2023           ;
; Quartus II 64-Bit Version          ; 13.0.1 Build 232 06/12/2013 SP 1 SJ Web Edition ;
; Revision Name                      ; SerialBlock                                     ;
; Top-level Entity Name              ; TestSender                                      ;
; Family                             ; Cyclone IV E                                    ;
; Device                             ; EP4CE6E22C8                                     ;
; Timing Models                      ; Final                                           ;
; Total logic elements               ; 33 / 6,272 ( < 1 % )                            ;
;     Total combinational functions  ; 33 / 6,272 ( < 1 % )                            ;
;     Dedicated logic registers      ; 24 / 6,272 ( < 1 % )                            ;
; Total registers                    ; 24                                              ;
; Total pins                         ; 4 / 92 ( 4 % )                                  ;
; Total virtual pins                 ; 0                                               ;
; Total memory bits                  ; 0 / 276,480 ( 0 % )                             ;
; Embedded Multiplier 9-bit elements ; 0 / 30 ( 0 % )                                  ;
; Total PLLs                         ; 0 / 2 ( 0 % )                                   ;
+------------------------------------+-------------------------------------------------+


+-----------------------------------------+
; Flow Settings                           ;
+-------------------+---------------------+
; Option            ; Setting             ;
+-------------------+---------------------+
; Start date & time ; 11/20/2023 22:56:15 ;
; Main task         ; Compilation         ;
; Revision Name     ; SerialBlock         ;
+-------------------+---------------------+


+----------------------------------------------------------------------------------------------------------------------------+
; Flow Non-Default Global Settings                                                                                           ;
+-------------------------------------+---------------------------------------+---------------+-------------+----------------+
; Assignment Name                     ; Value                                 ; Default Value ; Entity Name ; Section Id     ;
+-------------------------------------+---------------------------------------+---------------+-------------+----------------+
; COMPILER_SIGNATURE_ID               ; 255638743171288.170049577512968       ; --            ; --          ; --             ;
; EDA_OUTPUT_DATA_FORMAT              ; Vhdl                                  ; --            ; --          ; eda_simulation ;
; EDA_SIMULATION_TOOL                 ; ModelSim-Altera (VHDL)                ; <None>        ; --          ; --             ;
; MAX_CORE_JUNCTION_TEMP              ; 85                                    ; --            ; --          ; --             ;
; MIN_CORE_JUNCTION_TEMP              ; 0                                     ; --            ; --          ; --             ;
; NOMINAL_CORE_SUPPLY_VOLTAGE         ; 1.2V                                  ; --            ; --          ; --             ;
; PARTITION_COLOR                     ; 16764057                              ; --            ; TestSender  ; Top            ;
; PARTITION_FITTER_PRESERVATION_LEVEL ; PLACEMENT_AND_ROUTING                 ; --            ; TestSender  ; Top            ;
; PARTITION_NETLIST_TYPE              ; SOURCE                                ; --            ; TestSender  ; Top            ;
; POWER_BOARD_THERMAL_MODEL           ; None (CONSERVATIVE)                   ; --            ; --          ; --             ;
; POWER_PRESET_COOLING_SOLUTION       ; 23 MM HEAT SINK WITH 200 LFPM AIRFLOW ; --            ; --          ; --             ;
; PROJECT_OUTPUT_DIRECTORY            ; output_files                          ; --            ; --          ; --             ;
; TOP_LEVEL_ENTITY                    ; TestSender                            ; SerialBlock   ; --          ; --             ;
+-------------------------------------+---------------------------------------+---------------+-------------+----------------+


+-------------------------------------------------------------------------------------------------------------------------------+
; Flow Elapsed Time                                                                                                             ;
+---------------------------+--------------+-------------------------+---------------------+------------------------------------+
; Module Name               ; Elapsed Time ; Average Processors Used ; Peak Virtual Memory ; Total CPU Time (on all processors) ;
+---------------------------+--------------+-------------------------+---------------------+------------------------------------+
; Analysis & Synthesis      ; 00:00:03     ; 1.0                     ; 4685 MB             ; 00:00:01                           ;
; Fitter                    ; 00:00:05     ; 1.0                     ; 5715 MB             ; 00:00:03                           ;
; Assembler                 ; 00:00:01     ; 1.0                     ; 4552 MB             ; 00:00:01                           ;
; TimeQuest Timing Analyzer ; 00:00:01     ; 1.0                     ; 4687 MB             ; 00:00:01                           ;
; EDA Netlist Writer        ; 00:00:01     ; 1.0                     ; 4518 MB             ; 00:00:00                           ;
; EDA Netlist Writer        ; 00:00:01     ; 1.0                     ; 4541 MB             ; 00:00:01                           ;
; Total                     ; 00:00:12     ; --                      ; --                  ; 00:00:07                           ;
+---------------------------+--------------+-------------------------+---------------------+------------------------------------+


+----------------------------------------------------------------------------------------+
; Flow OS Summary                                                                        ;
+---------------------------+------------------+-----------+------------+----------------+
; Module Name               ; Machine Hostname ; OS Name   ; OS Version ; Processor type ;
+---------------------------+------------------+-----------+------------+----------------+
; Analysis & Synthesis      ; Iprons           ; Windows 7 ; 6.2        ; x86_64         ;
; Fitter                    ; Iprons           ; Windows 7 ; 6.2        ; x86_64         ;
; Assembler                 ; Iprons           ; Windows 7 ; 6.2        ; x86_64         ;
; TimeQuest Timing Analyzer ; Iprons           ; Windows 7 ; 6.2        ; x86_64         ;
; EDA Netlist Writer        ; Iprons           ; Windows 7 ; 6.2        ; x86_64         ;
; EDA Netlist Writer        ; Iprons           ; Windows 7 ; 6.2        ; x86_64         ;
+---------------------------+------------------+-----------+------------+----------------+


------------
; Flow Log ;
------------
quartus_map --read_settings_files=on --write_settings_files=off XTEASistem -c SerialBlock
quartus_fit --read_settings_files=off --write_settings_files=off XTEASistem -c SerialBlock
quartus_asm --read_settings_files=off --write_settings_files=off XTEASistem -c SerialBlock
quartus_sta XTEASistem -c SerialBlock
quartus_eda --read_settings_files=off --write_settings_files=off XTEASistem -c SerialBlock
quartus_eda --read_settings_files=on --write_settings_files=off XTEASistem -c SerialBlock



